<?xml version="1.0" encoding="UTF-8"?>
<!-- Generated by org.testng.reporters.JUnitXMLReporter -->
<testsuite hostname="LAPTOP-RT8ROG2F" ignored="2" name="Default test" tests="1" failures="0" timestamp="29 Apr 2023 07:27:31 GMT" time="16.055" errors="0">
  <testcase name="test4" time="10.791" classname="testcases.LoginTest"/>
  <testcase name="test1" time="0.0" classname="testcases.LoginTest">
    <ignored/>
  </testcase> <!-- test1 -->
  <testcase name="test2" time="0.0" classname="testcases.LoginTest">
    <ignored/>
  </testcase> <!-- test2 -->
</testsuite> <!-- Default test -->
