<?xml version="1.0" encoding="UTF-8"?>
<!-- Generated by org.testng.reporters.JUnitXMLReporter -->
<testsuite hostname="LAPTOP-RT8ROG2F" ignored="2" name="Test" tests="4" failures="0" timestamp="05 May 2023 09:29:02 GMT" time="41.465" errors="0">
  <testcase name="test3" time="0.002" classname="testcases.HomePageTest"/>
  <testcase name="test1" time="12.529" classname="testcases.LoginTest"/>
  <testcase name="test2" time="5.289" classname="testcases.LoginTest"/>
  <testcase name="test4" time="6.021" classname="testcases.LoginTest"/>
  <testcase name="@AfterTest ReportClean" time="0.0" classname="testcases.BaseClass">
    <ignored/>
  </testcase> <!-- @AfterTest ReportClean -->
  <testcase name="@BeforeTest ReportSetup" time="0.0" classname="testcases.BaseClass">
    <ignored/>
  </testcase> <!-- @BeforeTest ReportSetup -->
</testsuite> <!-- Test -->
