<?xml version="1.0" encoding="UTF-8"?>
<testng-results skipped="0" failed="0" ignored="2" total="3" passed="1">
  <reporter-output>
  </reporter-output>
  <suite name="Default suite" duration-ms="16055" started-at="2023-04-29T07:27:15Z" finished-at="2023-04-29T07:27:31Z">
    <groups>
    </groups>
    <test name="Default test" duration-ms="16055" started-at="2023-04-29T07:27:15Z" finished-at="2023-04-29T07:27:31Z">
      <class name="testcases.LoginTest">
        <test-method status="PASS" signature="ReportSetup()[pri:0, instance:testcases.LoginTest@5c909414]" name="ReportSetup" is-config="true" duration-ms="335" started-at="2023-04-29T07:27:15Z" finished-at="2023-04-29T07:27:15Z">
          <reporter-output>
          </reporter-output>
        </test-method> <!-- ReportSetup -->
        <test-method status="PASS" signature="SetUp(java.lang.reflect.Method)[pri:0, instance:testcases.LoginTest@5c909414]" name="SetUp" is-config="true" duration-ms="4068" started-at="2023-04-29T07:27:15Z" finished-at="2023-04-29T07:27:19Z">
          <params>
            <param index="0">
              <value>
                <![CDATA[public void testcases.LoginTest.test4() throws com.codoid.products.exception.FilloException]]>
              </value>
            </param>
          </params>
          <reporter-output>
          </reporter-output>
        </test-method> <!-- SetUp -->
        <test-method status="PASS" signature="test4()[pri:0, instance:testcases.LoginTest@5c909414]" name="test4" duration-ms="10791" started-at="2023-04-29T07:27:19Z" finished-at="2023-04-29T07:27:30Z">
          <reporter-output>
          </reporter-output>
        </test-method> <!-- test4 -->
        <test-method status="PASS" signature="TearDown()[pri:0, instance:testcases.LoginTest@5c909414]" name="TearDown" is-config="true" duration-ms="685" started-at="2023-04-29T07:27:30Z" finished-at="2023-04-29T07:27:31Z">
          <reporter-output>
          </reporter-output>
        </test-method> <!-- TearDown -->
        <test-method status="PASS" signature="ReportClean()[pri:0, instance:testcases.LoginTest@5c909414]" name="ReportClean" is-config="true" duration-ms="142" started-at="2023-04-29T07:27:31Z" finished-at="2023-04-29T07:27:31Z">
          <reporter-output>
          </reporter-output>
        </test-method> <!-- ReportClean -->
      </class> <!-- testcases.LoginTest -->
    </test> <!-- Default test -->
  </suite> <!-- Default suite -->
</testng-results>
